{"C:\\Users\\EmmanuelAsaber\\Desktop\\amalitech\\Journal_App_Project\\src\\Ui.js": {"path":"C:\\Users\\EmmanuelAsaber\\Desktop\\amalitech\\Journal_App_Project\\src\\Ui.js","statementMap":{"0":{"start":{"line":4,"column":8},"end":{"line":4,"column":60}},"1":{"start":{"line":5,"column":8},"end":{"line":5,"column":77}},"2":{"start":{"line":6,"column":8},"end":{"line":6,"column":63}},"3":{"start":{"line":7,"column":8},"end":{"line":7,"column":69}},"4":{"start":{"line":8,"column":8},"end":{"line":8,"column":67}},"5":{"start":{"line":9,"column":8},"end":{"line":9,"column":61}},"6":{"start":{"line":10,"column":8},"end":{"line":10,"column":61}},"7":{"start":{"line":11,"column":8},"end":{"line":11,"column":63}},"8":{"start":{"line":12,"column":8},"end":{"line":12,"column":60}},"9":{"start":{"line":13,"column":8},"end":{"line":13,"column":68}},"10":{"start":{"line":14,"column":8},"end":{"line":14,"column":70}},"11":{"start":{"line":15,"column":8},"end":{"line":15,"column":66}},"12":{"start":{"line":16,"column":8},"end":{"line":16,"column":65}},"13":{"start":{"line":17,"column":8},"end":{"line":17,"column":69}},"14":{"start":{"line":18,"column":8},"end":{"line":18,"column":79}},"15":{"start":{"line":19,"column":8},"end":{"line":19,"column":32}},"16":{"start":{"line":36,"column":8},"end":{"line":39,"column":11}},"17":{"start":{"line":37,"column":12},"end":{"line":37,"column":31}},"18":{"start":{"line":38,"column":12},"end":{"line":38,"column":27}},"19":{"start":{"line":40,"column":8},"end":{"line":40,"column":39}},"20":{"start":{"line":42,"column":8},"end":{"line":44,"column":11}},"21":{"start":{"line":43,"column":12},"end":{"line":43,"column":26}},"22":{"start":{"line":47,"column":8},"end":{"line":49,"column":11}},"23":{"start":{"line":48,"column":12},"end":{"line":48,"column":52}},"24":{"start":{"line":52,"column":8},"end":{"line":54,"column":11}},"25":{"start":{"line":53,"column":12},"end":{"line":53,"column":58}},"26":{"start":{"line":57,"column":8},"end":{"line":63,"column":11}},"27":{"start":{"line":58,"column":12},"end":{"line":62,"column":15}},"28":{"start":{"line":59,"column":16},"end":{"line":59,"column":86}},"29":{"start":{"line":59,"column":54},"end":{"line":59,"column":84}},"30":{"start":{"line":60,"column":16},"end":{"line":60,"column":47}},"31":{"start":{"line":61,"column":16},"end":{"line":61,"column":50}},"32":{"start":{"line":66,"column":8},"end":{"line":66,"column":92}},"33":{"start":{"line":69,"column":8},"end":{"line":71,"column":11}},"34":{"start":{"line":70,"column":12},"end":{"line":70,"column":22}},"35":{"start":{"line":74,"column":8},"end":{"line":76,"column":11}},"36":{"start":{"line":75,"column":12},"end":{"line":75,"column":23}},"37":{"start":{"line":79,"column":8},"end":{"line":79,"column":75}},"38":{"start":{"line":79,"column":59},"end":{"line":79,"column":73}},"39":{"start":{"line":80,"column":8},"end":{"line":80,"column":77}},"40":{"start":{"line":80,"column":60},"end":{"line":80,"column":75}},"41":{"start":{"line":81,"column":8},"end":{"line":81,"column":73}},"42":{"start":{"line":81,"column":58},"end":{"line":81,"column":71}},"43":{"start":{"line":84,"column":8},"end":{"line":88,"column":11}},"44":{"start":{"line":85,"column":12},"end":{"line":87,"column":13}},"45":{"start":{"line":86,"column":16},"end":{"line":86,"column":31}},"46":{"start":{"line":92,"column":8},"end":{"line":97,"column":10}},"47":{"start":{"line":101,"column":8},"end":{"line":101,"column":26}},"48":{"start":{"line":106,"column":8},"end":{"line":106,"column":45}},"49":{"start":{"line":108,"column":8},"end":{"line":112,"column":9}},"50":{"start":{"line":109,"column":12},"end":{"line":109,"column":62}},"51":{"start":{"line":110,"column":12},"end":{"line":110,"column":54}},"52":{"start":{"line":111,"column":12},"end":{"line":111,"column":19}},"53":{"start":{"line":114,"column":8},"end":{"line":114,"column":47}},"54":{"start":{"line":117,"column":8},"end":{"line":123,"column":11}},"55":{"start":{"line":118,"column":33},"end":{"line":118,"column":75}},"56":{"start":{"line":119,"column":12},"end":{"line":121,"column":13}},"57":{"start":{"line":120,"column":16},"end":{"line":120,"column":54}},"58":{"start":{"line":122,"column":12},"end":{"line":122,"column":60}},"59":{"start":{"line":128,"column":26},"end":{"line":128,"column":46}},"60":{"start":{"line":129,"column":24},"end":{"line":129,"column":91}},"61":{"start":{"line":130,"column":30},"end":{"line":130,"column":78}},"62":{"start":{"line":133,"column":26},"end":{"line":139,"column":9}},"63":{"start":{"line":141,"column":21},"end":{"line":141,"column":60}},"64":{"start":{"line":144,"column":27},"end":{"line":144,"column":70}},"65":{"start":{"line":145,"column":29},"end":{"line":145,"column":74}},"66":{"start":{"line":147,"column":29},"end":{"line":147,"column":58}},"67":{"start":{"line":148,"column":8},"end":{"line":148,"column":87}},"68":{"start":{"line":149,"column":8},"end":{"line":149,"column":43}},"69":{"start":{"line":151,"column":8},"end":{"line":165,"column":10}},"70":{"start":{"line":168,"column":8},"end":{"line":173,"column":11}},"71":{"start":{"line":169,"column":12},"end":{"line":169,"column":32}},"72":{"start":{"line":170,"column":12},"end":{"line":172,"column":13}},"73":{"start":{"line":171,"column":16},"end":{"line":171,"column":43}},"74":{"start":{"line":176,"column":8},"end":{"line":180,"column":11}},"75":{"start":{"line":177,"column":12},"end":{"line":179,"column":13}},"76":{"start":{"line":178,"column":16},"end":{"line":178,"column":43}},"77":{"start":{"line":182,"column":8},"end":{"line":182,"column":28}},"78":{"start":{"line":187,"column":8},"end":{"line":187,"column":46}},"79":{"start":{"line":187,"column":34},"end":{"line":187,"column":46}},"80":{"start":{"line":189,"column":22},"end":{"line":189,"column":50}},"81":{"start":{"line":190,"column":8},"end":{"line":190,"column":87}},"82":{"start":{"line":190,"column":44},"end":{"line":190,"column":85}},"83":{"start":{"line":194,"column":26},"end":{"line":194,"column":46}},"84":{"start":{"line":195,"column":24},"end":{"line":195,"column":91}},"85":{"start":{"line":196,"column":30},"end":{"line":196,"column":78}},"86":{"start":{"line":199,"column":26},"end":{"line":205,"column":9}},"87":{"start":{"line":207,"column":21},"end":{"line":207,"column":60}},"88":{"start":{"line":210,"column":29},"end":{"line":210,"column":74}},"89":{"start":{"line":212,"column":8},"end":{"line":212,"column":80}},"90":{"start":{"line":213,"column":8},"end":{"line":227,"column":10}},"91":{"start":{"line":229,"column":8},"end":{"line":229,"column":46}},"92":{"start":{"line":230,"column":8},"end":{"line":230,"column":48}},"93":{"start":{"line":234,"column":8},"end":{"line":234,"column":43}},"94":{"start":{"line":235,"column":8},"end":{"line":235,"column":42}},"95":{"start":{"line":239,"column":8},"end":{"line":239,"column":65}},"96":{"start":{"line":240,"column":8},"end":{"line":240,"column":67}},"97":{"start":{"line":241,"column":8},"end":{"line":241,"column":71}},"98":{"start":{"line":242,"column":8},"end":{"line":242,"column":91}},"99":{"start":{"line":246,"column":8},"end":{"line":246,"column":45}},"100":{"start":{"line":250,"column":8},"end":{"line":250,"column":57}},"101":{"start":{"line":254,"column":21},"end":{"line":254,"column":92}},"102":{"start":{"line":255,"column":20},"end":{"line":255,"column":45}},"103":{"start":{"line":256,"column":18},"end":{"line":256,"column":45}},"104":{"start":{"line":257,"column":8},"end":{"line":257,"column":21}},"105":{"start":{"line":258,"column":8},"end":{"line":258,"column":86}},"106":{"start":{"line":259,"column":8},"end":{"line":259,"column":37}},"107":{"start":{"line":260,"column":8},"end":{"line":260,"column":18}},"108":{"start":{"line":261,"column":8},"end":{"line":261,"column":37}},"109":{"start":{"line":262,"column":8},"end":{"line":262,"column":33}}},"fnMap":{"0":{"name":"(anonymous_0)","decl":{"start":{"line":2,"column":4},"end":{"line":2,"column":5}},"loc":{"start":{"line":2,"column":18},"end":{"line":20,"column":5}},"line":2},"1":{"name":"(anonymous_1)","decl":{"start":{"line":22,"column":4},"end":{"line":22,"column":5}},"loc":{"start":{"line":34,"column":7},"end":{"line":89,"column":5}},"line":34},"2":{"name":"(anonymous_2)","decl":{"start":{"line":36,"column":45},"end":{"line":36,"column":46}},"loc":{"start":{"line":36,"column":52},"end":{"line":39,"column":9}},"line":36},"3":{"name":"(anonymous_3)","decl":{"start":{"line":42,"column":48},"end":{"line":42,"column":49}},"loc":{"start":{"line":42,"column":54},"end":{"line":44,"column":9}},"line":42},"4":{"name":"(anonymous_4)","decl":{"start":{"line":47,"column":53},"end":{"line":47,"column":54}},"loc":{"start":{"line":47,"column":59},"end":{"line":49,"column":9}},"line":47},"5":{"name":"(anonymous_5)","decl":{"start":{"line":52,"column":51},"end":{"line":52,"column":52}},"loc":{"start":{"line":52,"column":58},"end":{"line":54,"column":9}},"line":52},"6":{"name":"(anonymous_6)","decl":{"start":{"line":57,"column":39},"end":{"line":57,"column":40}},"loc":{"start":{"line":57,"column":49},"end":{"line":63,"column":9}},"line":57},"7":{"name":"(anonymous_7)","decl":{"start":{"line":58,"column":45},"end":{"line":58,"column":46}},"loc":{"start":{"line":58,"column":51},"end":{"line":62,"column":13}},"line":58},"8":{"name":"(anonymous_8)","decl":{"start":{"line":59,"column":47},"end":{"line":59,"column":48}},"loc":{"start":{"line":59,"column":54},"end":{"line":59,"column":84}},"line":59},"9":{"name":"(anonymous_9)","decl":{"start":{"line":69,"column":48},"end":{"line":69,"column":49}},"loc":{"start":{"line":69,"column":54},"end":{"line":71,"column":9}},"line":69},"10":{"name":"(anonymous_10)","decl":{"start":{"line":74,"column":49},"end":{"line":74,"column":50}},"loc":{"start":{"line":74,"column":55},"end":{"line":76,"column":9}},"line":74},"11":{"name":"(anonymous_11)","decl":{"start":{"line":79,"column":53},"end":{"line":79,"column":54}},"loc":{"start":{"line":79,"column":59},"end":{"line":79,"column":73}},"line":79},"12":{"name":"(anonymous_12)","decl":{"start":{"line":80,"column":54},"end":{"line":80,"column":55}},"loc":{"start":{"line":80,"column":60},"end":{"line":80,"column":75}},"line":80},"13":{"name":"(anonymous_13)","decl":{"start":{"line":81,"column":52},"end":{"line":81,"column":53}},"loc":{"start":{"line":81,"column":58},"end":{"line":81,"column":71}},"line":81},"14":{"name":"(anonymous_14)","decl":{"start":{"line":84,"column":45},"end":{"line":84,"column":46}},"loc":{"start":{"line":84,"column":52},"end":{"line":88,"column":9}},"line":84},"15":{"name":"(anonymous_15)","decl":{"start":{"line":91,"column":4},"end":{"line":91,"column":5}},"loc":{"start":{"line":91,"column":18},"end":{"line":98,"column":5}},"line":91},"16":{"name":"(anonymous_16)","decl":{"start":{"line":100,"column":4},"end":{"line":100,"column":5}},"loc":{"start":{"line":100,"column":16},"end":{"line":102,"column":5}},"line":100},"17":{"name":"(anonymous_17)","decl":{"start":{"line":104,"column":4},"end":{"line":104,"column":5}},"loc":{"start":{"line":104,"column":65},"end":{"line":124,"column":5}},"line":104},"18":{"name":"(anonymous_18)","decl":{"start":{"line":117,"column":24},"end":{"line":117,"column":25}},"loc":{"start":{"line":117,"column":42},"end":{"line":123,"column":9}},"line":117},"19":{"name":"(anonymous_19)","decl":{"start":{"line":127,"column":4},"end":{"line":127,"column":5}},"loc":{"start":{"line":127,"column":42},"end":{"line":183,"column":5}},"line":127},"20":{"name":"(anonymous_20)","decl":{"start":{"line":168,"column":75},"end":{"line":168,"column":76}},"loc":{"start":{"line":168,"column":82},"end":{"line":173,"column":9}},"line":168},"21":{"name":"(anonymous_21)","decl":{"start":{"line":176,"column":47},"end":{"line":176,"column":48}},"loc":{"start":{"line":176,"column":53},"end":{"line":180,"column":9}},"line":176},"22":{"name":"(anonymous_22)","decl":{"start":{"line":186,"column":4},"end":{"line":186,"column":5}},"loc":{"start":{"line":186,"column":36},"end":{"line":191,"column":5}},"line":186},"23":{"name":"(anonymous_23)","decl":{"start":{"line":190,"column":35},"end":{"line":190,"column":36}},"loc":{"start":{"line":190,"column":44},"end":{"line":190,"column":85}},"line":190},"24":{"name":"(anonymous_24)","decl":{"start":{"line":193,"column":4},"end":{"line":193,"column":5}},"loc":{"start":{"line":193,"column":38},"end":{"line":231,"column":5}},"line":193},"25":{"name":"(anonymous_25)","decl":{"start":{"line":233,"column":4},"end":{"line":233,"column":5}},"loc":{"start":{"line":233,"column":17},"end":{"line":236,"column":5}},"line":233},"26":{"name":"(anonymous_26)","decl":{"start":{"line":238,"column":4},"end":{"line":238,"column":5}},"loc":{"start":{"line":238,"column":29},"end":{"line":243,"column":5}},"line":238},"27":{"name":"(anonymous_27)","decl":{"start":{"line":245,"column":4},"end":{"line":245,"column":5}},"loc":{"start":{"line":245,"column":18},"end":{"line":247,"column":5}},"line":245},"28":{"name":"(anonymous_28)","decl":{"start":{"line":249,"column":4},"end":{"line":249,"column":5}},"loc":{"start":{"line":249,"column":19},"end":{"line":251,"column":5}},"line":249},"29":{"name":"(anonymous_29)","decl":{"start":{"line":253,"column":4},"end":{"line":253,"column":5}},"loc":{"start":{"line":253,"column":21},"end":{"line":263,"column":5}},"line":253}},"branchMap":{"0":{"loc":{"start":{"line":85,"column":12},"end":{"line":87,"column":13}},"type":"if","locations":[{"start":{"line":85,"column":12},"end":{"line":87,"column":13}},{"start":{},"end":{}}],"line":85},"1":{"loc":{"start":{"line":96,"column":18},"end":{"line":96,"column":84}},"type":"binary-expr","locations":[{"start":{"line":96,"column":18},"end":{"line":96,"column":77}},{"start":{"line":96,"column":81},"end":{"line":96,"column":84}}],"line":96},"2":{"loc":{"start":{"line":108,"column":8},"end":{"line":112,"column":9}},"type":"if","locations":[{"start":{"line":108,"column":8},"end":{"line":112,"column":9}},{"start":{},"end":{}}],"line":108},"3":{"loc":{"start":{"line":119,"column":12},"end":{"line":121,"column":13}},"type":"if","locations":[{"start":{"line":119,"column":12},"end":{"line":121,"column":13}},{"start":{},"end":{}}],"line":119},"4":{"loc":{"start":{"line":141,"column":21},"end":{"line":141,"column":60}},"type":"binary-expr","locations":[{"start":{"line":141,"column":21},"end":{"line":141,"column":42}},{"start":{"line":141,"column":46},"end":{"line":141,"column":60}}],"line":141},"5":{"loc":{"start":{"line":170,"column":12},"end":{"line":172,"column":13}},"type":"if","locations":[{"start":{"line":170,"column":12},"end":{"line":172,"column":13}},{"start":{},"end":{}}],"line":170},"6":{"loc":{"start":{"line":177,"column":12},"end":{"line":179,"column":13}},"type":"if","locations":[{"start":{"line":177,"column":12},"end":{"line":179,"column":13}},{"start":{},"end":{}}],"line":177},"7":{"loc":{"start":{"line":187,"column":8},"end":{"line":187,"column":46}},"type":"if","locations":[{"start":{"line":187,"column":8},"end":{"line":187,"column":46}},{"start":{},"end":{}}],"line":187},"8":{"loc":{"start":{"line":187,"column":12},"end":{"line":187,"column":32}},"type":"binary-expr","locations":[{"start":{"line":187,"column":12},"end":{"line":187,"column":23}},{"start":{"line":187,"column":27},"end":{"line":187,"column":32}}],"line":187},"9":{"loc":{"start":{"line":207,"column":21},"end":{"line":207,"column":60}},"type":"binary-expr","locations":[{"start":{"line":207,"column":21},"end":{"line":207,"column":42}},{"start":{"line":207,"column":46},"end":{"line":207,"column":60}}],"line":207},"10":{"loc":{"start":{"line":216,"column":62},"end":{"line":219,"column":80}},"type":"cond-expr","locations":[{"start":{"line":216,"column":86},"end":{"line":216,"column":100}},{"start":{"line":217,"column":22},"end":{"line":219,"column":80}}],"line":216},"11":{"loc":{"start":{"line":217,"column":22},"end":{"line":219,"column":80}},"type":"cond-expr","locations":[{"start":{"line":217,"column":44},"end":{"line":217,"column":61}},{"start":{"line":218,"column":22},"end":{"line":219,"column":80}}],"line":217},"12":{"loc":{"start":{"line":218,"column":22},"end":{"line":219,"column":80}},"type":"cond-expr","locations":[{"start":{"line":218,"column":48},"end":{"line":218,"column":65}},{"start":{"line":219,"column":22},"end":{"line":219,"column":80}}],"line":218},"13":{"loc":{"start":{"line":219,"column":22},"end":{"line":219,"column":80}},"type":"cond-expr","locations":[{"start":{"line":219,"column":46},"end":{"line":219,"column":62}},{"start":{"line":219,"column":65},"end":{"line":219,"column":80}}],"line":219}},"s":{"0":10,"1":10,"2":10,"3":10,"4":10,"5":10,"6":10,"7":10,"8":10,"9":10,"10":10,"11":10,"12":10,"13":10,"14":10,"15":10,"16":3,"17":0,"18":0,"19":3,"20":3,"21":0,"22":3,"23":0,"24":3,"25":0,"26":3,"27":3,"28":0,"29":0,"30":0,"31":0,"32":3,"33":3,"34":0,"35":3,"36":0,"37":3,"38":0,"39":3,"40":0,"41":3,"42":0,"43":3,"44":0,"45":0,"46":1,"47":1,"48":5,"49":5,"50":4,"51":4,"52":4,"53":1,"54":1,"55":1,"56":1,"57":1,"58":1,"59":1,"60":1,"61":1,"62":1,"63":1,"64":1,"65":1,"66":1,"67":1,"68":1,"69":1,"70":1,"71":0,"72":0,"73":0,"74":1,"75":0,"76":0,"77":1,"78":4,"79":4,"80":0,"81":0,"82":0,"83":1,"84":1,"85":1,"86":1,"87":1,"88":1,"89":1,"90":1,"91":1,"92":1,"93":1,"94":1,"95":1,"96":1,"97":1,"98":1,"99":0,"100":0,"101":0,"102":0,"103":0,"104":0,"105":0,"106":0,"107":0,"108":0,"109":0},"f":{"0":10,"1":3,"2":0,"3":0,"4":0,"5":0,"6":3,"7":0,"8":0,"9":0,"10":0,"11":0,"12":0,"13":0,"14":0,"15":1,"16":1,"17":5,"18":1,"19":1,"20":0,"21":0,"22":4,"23":0,"24":1,"25":1,"26":1,"27":0,"28":0,"29":0},"b":{"0":[0,0],"1":[1,0],"2":[4,1],"3":[1,0],"4":[1,0],"5":[0,0],"6":[0,0],"7":[4,0],"8":[4,0],"9":[1,0],"10":[0,1],"11":[0,1],"12":[0,1],"13":[1,0]},"_coverageSchema":"1a1c01bbd47fc00a2c39e90264f33305004495a9","hash":"d7033fafaebe9c5dc74047911d9d3b92baf33340"}
,"C:\\Users\\EmmanuelAsaber\\Desktop\\amalitech\\Journal_App_Project\\src\\main.js": {"path":"C:\\Users\\EmmanuelAsaber\\Desktop\\amalitech\\Journal_App_Project\\src\\main.js","statementMap":{"0":{"start":{"line":7,"column":8},"end":{"line":7,"column":37}},"1":{"start":{"line":8,"column":8},"end":{"line":8,"column":27}},"2":{"start":{"line":10,"column":8},"end":{"line":10,"column":35}},"3":{"start":{"line":11,"column":8},"end":{"line":11,"column":29}},"4":{"start":{"line":12,"column":8},"end":{"line":12,"column":34}},"5":{"start":{"line":13,"column":8},"end":{"line":13,"column":35}},"6":{"start":{"line":15,"column":8},"end":{"line":15,"column":20}},"7":{"start":{"line":19,"column":8},"end":{"line":31,"column":11}},"8":{"start":{"line":20,"column":32},"end":{"line":20,"column":47}},"9":{"start":{"line":21,"column":31},"end":{"line":21,"column":50}},"10":{"start":{"line":22,"column":40},"end":{"line":22,"column":66}},"11":{"start":{"line":23,"column":32},"end":{"line":23,"column":56}},"12":{"start":{"line":24,"column":36},"end":{"line":24,"column":59}},"13":{"start":{"line":25,"column":27},"end":{"line":25,"column":41}},"14":{"start":{"line":26,"column":28},"end":{"line":26,"column":48}},"15":{"start":{"line":27,"column":32},"end":{"line":27,"column":49}},"16":{"start":{"line":28,"column":33},"end":{"line":28,"column":51}},"17":{"start":{"line":29,"column":31},"end":{"line":29,"column":47}},"18":{"start":{"line":30,"column":33},"end":{"line":30,"column":51}},"19":{"start":{"line":33,"column":8},"end":{"line":33,"column":29}},"20":{"start":{"line":37,"column":47},"end":{"line":37,"column":68}},"21":{"start":{"line":39,"column":8},"end":{"line":39,"column":48}},"22":{"start":{"line":39,"column":41},"end":{"line":39,"column":48}},"23":{"start":{"line":41,"column":25},"end":{"line":48,"column":9}},"24":{"start":{"line":50,"column":8},"end":{"line":50,"column":40}},"25":{"start":{"line":51,"column":8},"end":{"line":51,"column":28}},"26":{"start":{"line":52,"column":8},"end":{"line":52,"column":29}},"27":{"start":{"line":53,"column":8},"end":{"line":53,"column":30}},"28":{"start":{"line":57,"column":24},"end":{"line":57,"column":62}},"29":{"start":{"line":58,"column":8},"end":{"line":62,"column":11}},"30":{"start":{"line":66,"column":8},"end":{"line":66,"column":36}},"31":{"start":{"line":67,"column":30},"end":{"line":67,"column":58}},"32":{"start":{"line":69,"column":20},"end":{"line":69,"column":30}},"33":{"start":{"line":70,"column":22},"end":{"line":70,"column":80}},"34":{"start":{"line":71,"column":24},"end":{"line":71,"column":39}},"35":{"start":{"line":72,"column":8},"end":{"line":72,"column":47}},"36":{"start":{"line":73,"column":25},"end":{"line":73,"column":40}},"37":{"start":{"line":74,"column":8},"end":{"line":74,"column":51}},"38":{"start":{"line":76,"column":8},"end":{"line":91,"column":9}},"39":{"start":{"line":77,"column":12},"end":{"line":80,"column":15}},"40":{"start":{"line":78,"column":34},"end":{"line":78,"column":54}},"41":{"start":{"line":79,"column":16},"end":{"line":79,"column":42}},"42":{"start":{"line":81,"column":15},"end":{"line":91,"column":9}},"43":{"start":{"line":82,"column":12},"end":{"line":85,"column":15}},"44":{"start":{"line":83,"column":34},"end":{"line":83,"column":54}},"45":{"start":{"line":84,"column":16},"end":{"line":84,"column":44}},"46":{"start":{"line":86,"column":15},"end":{"line":91,"column":9}},"47":{"start":{"line":87,"column":12},"end":{"line":90,"column":15}},"48":{"start":{"line":88,"column":34},"end":{"line":88,"column":54}},"49":{"start":{"line":89,"column":16},"end":{"line":89,"column":45}},"50":{"start":{"line":93,"column":8},"end":{"line":95,"column":9}},"51":{"start":{"line":94,"column":12},"end":{"line":94,"column":96}},"52":{"start":{"line":94,"column":62},"end":{"line":94,"column":94}},"53":{"start":{"line":97,"column":8},"end":{"line":102,"column":9}},"54":{"start":{"line":98,"column":12},"end":{"line":101,"column":15}},"55":{"start":{"line":99,"column":16},"end":{"line":100,"column":77}},"56":{"start":{"line":104,"column":8},"end":{"line":104,"column":31}},"57":{"start":{"line":108,"column":8},"end":{"line":108,"column":31}},"58":{"start":{"line":109,"column":8},"end":{"line":109,"column":29}},"59":{"start":{"line":113,"column":8},"end":{"line":113,"column":33}},"60":{"start":{"line":114,"column":8},"end":{"line":114,"column":29}},"61":{"start":{"line":118,"column":22},"end":{"line":118,"column":51}},"62":{"start":{"line":119,"column":8},"end":{"line":119,"column":27}},"63":{"start":{"line":119,"column":20},"end":{"line":119,"column":27}},"64":{"start":{"line":121,"column":8},"end":{"line":121,"column":33}},"65":{"start":{"line":122,"column":8},"end":{"line":122,"column":55}},"66":{"start":{"line":126,"column":8},"end":{"line":126,"column":35}},"67":{"start":{"line":127,"column":8},"end":{"line":127,"column":29}},"68":{"start":{"line":131,"column":8},"end":{"line":131,"column":41}},"69":{"start":{"line":131,"column":34},"end":{"line":131,"column":41}},"70":{"start":{"line":133,"column":8},"end":{"line":137,"column":9}},"71":{"start":{"line":134,"column":12},"end":{"line":134,"column":58}},"72":{"start":{"line":135,"column":12},"end":{"line":135,"column":33}},"73":{"start":{"line":136,"column":12},"end":{"line":136,"column":30}},"74":{"start":{"line":141,"column":8},"end":{"line":141,"column":41}},"75":{"start":{"line":141,"column":34},"end":{"line":141,"column":41}},"76":{"start":{"line":143,"column":22},"end":{"line":143,"column":68}},"77":{"start":{"line":144,"column":8},"end":{"line":144,"column":27}},"78":{"start":{"line":144,"column":20},"end":{"line":144,"column":27}},"79":{"start":{"line":146,"column":8},"end":{"line":146,"column":41}},"80":{"start":{"line":147,"column":8},"end":{"line":147,"column":54}},"81":{"start":{"line":149,"column":8},"end":{"line":149,"column":26}},"82":{"start":{"line":150,"column":8},"end":{"line":150,"column":31}},"83":{"start":{"line":154,"column":21},"end":{"line":154,"column":49}},"84":{"start":{"line":155,"column":8},"end":{"line":155,"column":33}},"85":{"start":{"line":159,"column":0},"end":{"line":194,"column":3}},"86":{"start":{"line":161,"column":24},"end":{"line":161,"column":63}},"87":{"start":{"line":162,"column":4},"end":{"line":190,"column":5}},"88":{"start":{"line":163,"column":21},"end":{"line":163,"column":51}},"89":{"start":{"line":164,"column":8},"end":{"line":189,"column":9}},"90":{"start":{"line":165,"column":31},"end":{"line":166,"column":94}},"91":{"start":{"line":167,"column":12},"end":{"line":167,"column":76}},"92":{"start":{"line":170,"column":16},"end":{"line":176,"column":17}},"93":{"start":{"line":171,"column":20},"end":{"line":171,"column":64}},"94":{"start":{"line":172,"column":20},"end":{"line":172,"column":60}},"95":{"start":{"line":174,"column":20},"end":{"line":174,"column":64}},"96":{"start":{"line":175,"column":20},"end":{"line":175,"column":59}},"97":{"start":{"line":177,"column":16},"end":{"line":177,"column":42}},"98":{"start":{"line":180,"column":12},"end":{"line":180,"column":53}},"99":{"start":{"line":182,"column":12},"end":{"line":188,"column":15}},"100":{"start":{"line":183,"column":37},"end":{"line":183,"column":88}},"101":{"start":{"line":184,"column":33},"end":{"line":184,"column":75}},"102":{"start":{"line":185,"column":16},"end":{"line":185,"column":78}},"103":{"start":{"line":186,"column":16},"end":{"line":186,"column":56}},"104":{"start":{"line":187,"column":16},"end":{"line":187,"column":55}},"105":{"start":{"line":193,"column":4},"end":{"line":193,"column":21}}},"fnMap":{"0":{"name":"(anonymous_0)","decl":{"start":{"line":6,"column":4},"end":{"line":6,"column":5}},"loc":{"start":{"line":6,"column":18},"end":{"line":16,"column":5}},"line":6},"1":{"name":"(anonymous_1)","decl":{"start":{"line":18,"column":4},"end":{"line":18,"column":5}},"loc":{"start":{"line":18,"column":11},"end":{"line":34,"column":5}},"line":18},"2":{"name":"(anonymous_2)","decl":{"start":{"line":20,"column":26},"end":{"line":20,"column":27}},"loc":{"start":{"line":20,"column":32},"end":{"line":20,"column":47}},"line":20},"3":{"name":"(anonymous_3)","decl":{"start":{"line":21,"column":25},"end":{"line":21,"column":26}},"loc":{"start":{"line":21,"column":31},"end":{"line":21,"column":50}},"line":21},"4":{"name":"(anonymous_4)","decl":{"start":{"line":22,"column":28},"end":{"line":22,"column":29}},"loc":{"start":{"line":22,"column":40},"end":{"line":22,"column":66}},"line":22},"5":{"name":"(anonymous_5)","decl":{"start":{"line":23,"column":22},"end":{"line":23,"column":23}},"loc":{"start":{"line":23,"column":32},"end":{"line":23,"column":56}},"line":23},"6":{"name":"(anonymous_6)","decl":{"start":{"line":24,"column":26},"end":{"line":24,"column":27}},"loc":{"start":{"line":24,"column":36},"end":{"line":24,"column":59}},"line":24},"7":{"name":"(anonymous_7)","decl":{"start":{"line":25,"column":21},"end":{"line":25,"column":22}},"loc":{"start":{"line":25,"column":27},"end":{"line":25,"column":41}},"line":25},"8":{"name":"(anonymous_8)","decl":{"start":{"line":26,"column":22},"end":{"line":26,"column":23}},"loc":{"start":{"line":26,"column":28},"end":{"line":26,"column":48}},"line":26},"9":{"name":"(anonymous_9)","decl":{"start":{"line":27,"column":26},"end":{"line":27,"column":27}},"loc":{"start":{"line":27,"column":32},"end":{"line":27,"column":49}},"line":27},"10":{"name":"(anonymous_10)","decl":{"start":{"line":28,"column":27},"end":{"line":28,"column":28}},"loc":{"start":{"line":28,"column":33},"end":{"line":28,"column":51}},"line":28},"11":{"name":"(anonymous_11)","decl":{"start":{"line":29,"column":25},"end":{"line":29,"column":26}},"loc":{"start":{"line":29,"column":31},"end":{"line":29,"column":47}},"line":29},"12":{"name":"(anonymous_12)","decl":{"start":{"line":30,"column":25},"end":{"line":30,"column":26}},"loc":{"start":{"line":30,"column":33},"end":{"line":30,"column":51}},"line":30},"13":{"name":"(anonymous_13)","decl":{"start":{"line":36,"column":4},"end":{"line":36,"column":5}},"loc":{"start":{"line":36,"column":15},"end":{"line":54,"column":5}},"line":36},"14":{"name":"(anonymous_14)","decl":{"start":{"line":56,"column":4},"end":{"line":56,"column":5}},"loc":{"start":{"line":56,"column":20},"end":{"line":63,"column":5}},"line":56},"15":{"name":"(anonymous_15)","decl":{"start":{"line":65,"column":4},"end":{"line":65,"column":5}},"loc":{"start":{"line":65,"column":26},"end":{"line":105,"column":5}},"line":65},"16":{"name":"(anonymous_16)","decl":{"start":{"line":77,"column":53},"end":{"line":77,"column":54}},"loc":{"start":{"line":77,"column":62},"end":{"line":80,"column":13}},"line":77},"17":{"name":"(anonymous_17)","decl":{"start":{"line":82,"column":53},"end":{"line":82,"column":54}},"loc":{"start":{"line":82,"column":62},"end":{"line":85,"column":13}},"line":82},"18":{"name":"(anonymous_18)","decl":{"start":{"line":87,"column":53},"end":{"line":87,"column":54}},"loc":{"start":{"line":87,"column":62},"end":{"line":90,"column":13}},"line":87},"19":{"name":"(anonymous_19)","decl":{"start":{"line":94,"column":53},"end":{"line":94,"column":54}},"loc":{"start":{"line":94,"column":62},"end":{"line":94,"column":94}},"line":94},"20":{"name":"(anonymous_20)","decl":{"start":{"line":98,"column":53},"end":{"line":98,"column":54}},"loc":{"start":{"line":98,"column":62},"end":{"line":101,"column":13}},"line":98},"21":{"name":"(anonymous_21)","decl":{"start":{"line":107,"column":4},"end":{"line":107,"column":5}},"loc":{"start":{"line":107,"column":24},"end":{"line":110,"column":5}},"line":107},"22":{"name":"(anonymous_22)","decl":{"start":{"line":112,"column":4},"end":{"line":112,"column":5}},"loc":{"start":{"line":112,"column":23},"end":{"line":115,"column":5}},"line":112},"23":{"name":"(anonymous_23)","decl":{"start":{"line":117,"column":4},"end":{"line":117,"column":5}},"loc":{"start":{"line":117,"column":18},"end":{"line":123,"column":5}},"line":117},"24":{"name":"(anonymous_24)","decl":{"start":{"line":125,"column":4},"end":{"line":125,"column":5}},"loc":{"start":{"line":125,"column":17},"end":{"line":128,"column":5}},"line":125},"25":{"name":"(anonymous_25)","decl":{"start":{"line":130,"column":4},"end":{"line":130,"column":5}},"loc":{"start":{"line":130,"column":18},"end":{"line":138,"column":5}},"line":130},"26":{"name":"(anonymous_26)","decl":{"start":{"line":140,"column":4},"end":{"line":140,"column":5}},"loc":{"start":{"line":140,"column":16},"end":{"line":151,"column":5}},"line":140},"27":{"name":"(anonymous_27)","decl":{"start":{"line":153,"column":4},"end":{"line":153,"column":5}},"loc":{"start":{"line":153,"column":20},"end":{"line":156,"column":5}},"line":153},"28":{"name":"(anonymous_28)","decl":{"start":{"line":159,"column":46},"end":{"line":159,"column":47}},"loc":{"start":{"line":159,"column":52},"end":{"line":194,"column":1}},"line":159},"29":{"name":"updateThemeButton","decl":{"start":{"line":169,"column":21},"end":{"line":169,"column":38}},"loc":{"start":{"line":169,"column":47},"end":{"line":178,"column":13}},"line":169},"30":{"name":"(anonymous_30)","decl":{"start":{"line":182,"column":50},"end":{"line":182,"column":51}},"loc":{"start":{"line":182,"column":56},"end":{"line":188,"column":13}},"line":182}},"branchMap":{"0":{"loc":{"start":{"line":39,"column":8},"end":{"line":39,"column":48}},"type":"if","locations":[{"start":{"line":39,"column":8},"end":{"line":39,"column":48}},{"start":{},"end":{}}],"line":39},"1":{"loc":{"start":{"line":39,"column":12},"end":{"line":39,"column":39}},"type":"binary-expr","locations":[{"start":{"line":39,"column":12},"end":{"line":39,"column":17}},{"start":{"line":39,"column":21},"end":{"line":39,"column":27}},{"start":{"line":39,"column":31},"end":{"line":39,"column":39}}],"line":39},"2":{"loc":{"start":{"line":76,"column":8},"end":{"line":91,"column":9}},"type":"if","locations":[{"start":{"line":76,"column":8},"end":{"line":91,"column":9}},{"start":{"line":81,"column":15},"end":{"line":91,"column":9}}],"line":76},"3":{"loc":{"start":{"line":81,"column":15},"end":{"line":91,"column":9}},"type":"if","locations":[{"start":{"line":81,"column":15},"end":{"line":91,"column":9}},{"start":{"line":86,"column":15},"end":{"line":91,"column":9}}],"line":81},"4":{"loc":{"start":{"line":86,"column":15},"end":{"line":91,"column":9}},"type":"if","locations":[{"start":{"line":86,"column":15},"end":{"line":91,"column":9}},{"start":{},"end":{}}],"line":86},"5":{"loc":{"start":{"line":93,"column":8},"end":{"line":95,"column":9}},"type":"if","locations":[{"start":{"line":93,"column":8},"end":{"line":95,"column":9}},{"start":{},"end":{}}],"line":93},"6":{"loc":{"start":{"line":97,"column":8},"end":{"line":102,"column":9}},"type":"if","locations":[{"start":{"line":97,"column":8},"end":{"line":102,"column":9}},{"start":{},"end":{}}],"line":97},"7":{"loc":{"start":{"line":99,"column":23},"end":{"line":100,"column":76}},"type":"binary-expr","locations":[{"start":{"line":99,"column":23},"end":{"line":99,"column":74}},{"start":{"line":100,"column":23},"end":{"line":100,"column":76}}],"line":99},"8":{"loc":{"start":{"line":119,"column":8},"end":{"line":119,"column":27}},"type":"if","locations":[{"start":{"line":119,"column":8},"end":{"line":119,"column":27}},{"start":{},"end":{}}],"line":119},"9":{"loc":{"start":{"line":131,"column":8},"end":{"line":131,"column":41}},"type":"if","locations":[{"start":{"line":131,"column":8},"end":{"line":131,"column":41}},{"start":{},"end":{}}],"line":131},"10":{"loc":{"start":{"line":133,"column":8},"end":{"line":137,"column":9}},"type":"if","locations":[{"start":{"line":133,"column":8},"end":{"line":137,"column":9}},{"start":{},"end":{}}],"line":133},"11":{"loc":{"start":{"line":141,"column":8},"end":{"line":141,"column":41}},"type":"if","locations":[{"start":{"line":141,"column":8},"end":{"line":141,"column":41}},{"start":{},"end":{}}],"line":141},"12":{"loc":{"start":{"line":144,"column":8},"end":{"line":144,"column":27}},"type":"if","locations":[{"start":{"line":144,"column":8},"end":{"line":144,"column":27}},{"start":{},"end":{}}],"line":144},"13":{"loc":{"start":{"line":162,"column":4},"end":{"line":190,"column":5}},"type":"if","locations":[{"start":{"line":162,"column":4},"end":{"line":190,"column":5}},{"start":{},"end":{}}],"line":162},"14":{"loc":{"start":{"line":164,"column":8},"end":{"line":189,"column":9}},"type":"if","locations":[{"start":{"line":164,"column":8},"end":{"line":189,"column":9}},{"start":{},"end":{}}],"line":164},"15":{"loc":{"start":{"line":165,"column":31},"end":{"line":166,"column":94}},"type":"binary-expr","locations":[{"start":{"line":165,"column":31},"end":{"line":165,"column":60}},{"start":{"line":166,"column":17},"end":{"line":166,"column":93}}],"line":165},"16":{"loc":{"start":{"line":166,"column":17},"end":{"line":166,"column":93}},"type":"cond-expr","locations":[{"start":{"line":166,"column":77},"end":{"line":166,"column":83}},{"start":{"line":166,"column":86},"end":{"line":166,"column":93}}],"line":166},"17":{"loc":{"start":{"line":170,"column":16},"end":{"line":176,"column":17}},"type":"if","locations":[{"start":{"line":170,"column":16},"end":{"line":176,"column":17}},{"start":{"line":173,"column":23},"end":{"line":176,"column":17}}],"line":170},"18":{"loc":{"start":{"line":184,"column":33},"end":{"line":184,"column":75}},"type":"cond-expr","locations":[{"start":{"line":184,"column":59},"end":{"line":184,"column":66}},{"start":{"line":184,"column":69},"end":{"line":184,"column":75}}],"line":184}},"s":{"0":3,"1":3,"2":3,"3":3,"4":3,"5":3,"6":3,"7":3,"8":0,"9":0,"10":0,"11":0,"12":0,"13":0,"14":0,"15":0,"16":0,"17":0,"18":0,"19":3,"20":0,"21":0,"22":0,"23":0,"24":0,"25":0,"26":0,"27":0,"28":3,"29":3,"30":3,"31":3,"32":3,"33":3,"34":3,"35":3,"36":3,"37":3,"38":3,"39":0,"40":0,"41":0,"42":3,"43":0,"44":0,"45":0,"46":3,"47":0,"48":0,"49":0,"50":3,"51":0,"52":0,"53":3,"54":0,"55":0,"56":3,"57":0,"58":0,"59":0,"60":0,"61":0,"62":0,"63":0,"64":0,"65":0,"66":0,"67":0,"68":0,"69":0,"70":0,"71":0,"72":0,"73":0,"74":0,"75":0,"76":0,"77":0,"78":0,"79":0,"80":0,"81":0,"82":0,"83":0,"84":0,"85":1,"86":3,"87":3,"88":3,"89":3,"90":3,"91":3,"92":9,"93":4,"94":4,"95":5,"96":5,"97":9,"98":3,"99":3,"100":6,"101":6,"102":6,"103":6,"104":6,"105":3},"f":{"0":3,"1":3,"2":0,"3":0,"4":0,"5":0,"6":0,"7":0,"8":0,"9":0,"10":0,"11":0,"12":0,"13":0,"14":3,"15":3,"16":0,"17":0,"18":0,"19":0,"20":0,"21":0,"22":0,"23":0,"24":0,"25":0,"26":0,"27":0,"28":3,"29":9,"30":6},"b":{"0":[0,0],"1":[0,0,0],"2":[0,3],"3":[0,3],"4":[0,3],"5":[0,3],"6":[0,3],"7":[0,0],"8":[0,0],"9":[0,0],"10":[0,0],"11":[0,0],"12":[0,0],"13":[3,0],"14":[3,0],"15":[3,2],"16":[0,2],"17":[4,5],"18":[3,3]},"_coverageSchema":"1a1c01bbd47fc00a2c39e90264f33305004495a9","hash":"99807d39a64f267060253075a85ff1cccaf5b874"}
,"C:\\Users\\EmmanuelAsaber\\Desktop\\amalitech\\Journal_App_Project\\src\\storage.js": {"path":"C:\\Users\\EmmanuelAsaber\\Desktop\\amalitech\\Journal_App_Project\\src\\storage.js","statementMap":{"0":{"start":{"line":3,"column":8},"end":{"line":3,"column":80}},"1":{"start":{"line":7,"column":8},"end":{"line":7,"column":28}},"2":{"start":{"line":11,"column":8},"end":{"line":11,"column":59}},"3":{"start":{"line":11,"column":42},"end":{"line":11,"column":57}},"4":{"start":{"line":15,"column":8},"end":{"line":15,"column":36}},"5":{"start":{"line":16,"column":8},"end":{"line":16,"column":20}},"6":{"start":{"line":20,"column":22},"end":{"line":20,"column":70}},"7":{"start":{"line":20,"column":54},"end":{"line":20,"column":69}},"8":{"start":{"line":21,"column":8},"end":{"line":24,"column":9}},"9":{"start":{"line":22,"column":12},"end":{"line":22,"column":47}},"10":{"start":{"line":23,"column":12},"end":{"line":23,"column":24}},"11":{"start":{"line":28,"column":8},"end":{"line":28,"column":69}},"12":{"start":{"line":28,"column":52},"end":{"line":28,"column":67}},"13":{"start":{"line":29,"column":8},"end":{"line":29,"column":20}},"14":{"start":{"line":33,"column":8},"end":{"line":33,"column":77}},"15":{"start":{"line":37,"column":8},"end":{"line":42,"column":10}}},"fnMap":{"0":{"name":"(anonymous_0)","decl":{"start":{"line":2,"column":4},"end":{"line":2,"column":5}},"loc":{"start":{"line":2,"column":18},"end":{"line":4,"column":5}},"line":2},"1":{"name":"(anonymous_1)","decl":{"start":{"line":6,"column":4},"end":{"line":6,"column":5}},"loc":{"start":{"line":6,"column":20},"end":{"line":8,"column":5}},"line":6},"2":{"name":"(anonymous_2)","decl":{"start":{"line":10,"column":4},"end":{"line":10,"column":5}},"loc":{"start":{"line":10,"column":21},"end":{"line":12,"column":5}},"line":10},"3":{"name":"(anonymous_3)","decl":{"start":{"line":11,"column":33},"end":{"line":11,"column":34}},"loc":{"start":{"line":11,"column":42},"end":{"line":11,"column":57}},"line":11},"4":{"name":"(anonymous_4)","decl":{"start":{"line":14,"column":4},"end":{"line":14,"column":5}},"loc":{"start":{"line":14,"column":20},"end":{"line":17,"column":5}},"line":14},"5":{"name":"(anonymous_5)","decl":{"start":{"line":19,"column":4},"end":{"line":19,"column":5}},"loc":{"start":{"line":19,"column":34},"end":{"line":25,"column":5}},"line":19},"6":{"name":"(anonymous_6)","decl":{"start":{"line":20,"column":45},"end":{"line":20,"column":46}},"loc":{"start":{"line":20,"column":54},"end":{"line":20,"column":69}},"line":20},"7":{"name":"(anonymous_7)","decl":{"start":{"line":27,"column":4},"end":{"line":27,"column":5}},"loc":{"start":{"line":27,"column":20},"end":{"line":30,"column":5}},"line":27},"8":{"name":"(anonymous_8)","decl":{"start":{"line":28,"column":43},"end":{"line":28,"column":44}},"loc":{"start":{"line":28,"column":52},"end":{"line":28,"column":67}},"line":28},"9":{"name":"(anonymous_9)","decl":{"start":{"line":32,"column":4},"end":{"line":32,"column":5}},"loc":{"start":{"line":32,"column":11},"end":{"line":34,"column":5}},"line":32},"10":{"name":"(anonymous_10)","decl":{"start":{"line":36,"column":4},"end":{"line":36,"column":5}},"loc":{"start":{"line":36,"column":20},"end":{"line":43,"column":5}},"line":36}},"branchMap":{"0":{"loc":{"start":{"line":3,"column":23},"end":{"line":3,"column":79}},"type":"binary-expr","locations":[{"start":{"line":3,"column":23},"end":{"line":3,"column":73}},{"start":{"line":3,"column":77},"end":{"line":3,"column":79}}],"line":3},"1":{"loc":{"start":{"line":21,"column":8},"end":{"line":24,"column":9}},"type":"if","locations":[{"start":{"line":21,"column":8},"end":{"line":24,"column":9}},{"start":{},"end":{}}],"line":21}},"s":{"0":11,"1":8,"2":2,"3":2,"4":5,"5":5,"6":1,"7":1,"8":1,"9":1,"10":1,"11":1,"12":1,"13":1,"14":7,"15":1},"f":{"0":11,"1":8,"2":2,"3":2,"4":5,"5":1,"6":1,"7":1,"8":1,"9":7,"10":1},"b":{"0":[11,10],"1":[1,0]},"_coverageSchema":"1a1c01bbd47fc00a2c39e90264f33305004495a9","hash":"225167a56e6cee50056ee3933d1cd614b5f28329"}
}
