TN:
SF:src\Ui.js
FN:2,(anonymous_0)
FN:22,(anonymous_1)
FN:36,(anonymous_2)
FN:42,(anonymous_3)
FN:47,(anonymous_4)
FN:52,(anonymous_5)
FN:57,(anonymous_6)
FN:58,(anonymous_7)
FN:59,(anonymous_8)
FN:69,(anonymous_9)
FN:74,(anonymous_10)
FN:79,(anonymous_11)
FN:80,(anonymous_12)
FN:81,(anonymous_13)
FN:84,(anonymous_14)
FN:91,(anonymous_15)
FN:100,(anonymous_16)
FN:104,(anonymous_17)
FN:117,(anonymous_18)
FN:127,(anonymous_19)
FN:168,(anonymous_20)
FN:176,(anonymous_21)
FN:186,(anonymous_22)
FN:190,(anonymous_23)
FN:193,(anonymous_24)
FN:233,(anonymous_25)
FN:238,(anonymous_26)
FN:245,(anonymous_27)
FN:249,(anonymous_28)
FN:253,(anonymous_29)
FNF:30
FNH:12
FNDA:10,(anonymous_0)
FNDA:3,(anonymous_1)
FNDA:0,(anonymous_2)
FNDA:0,(anonymous_3)
FNDA:0,(anonymous_4)
FNDA:0,(anonymous_5)
FNDA:3,(anonymous_6)
FNDA:0,(anonymous_7)
FNDA:0,(anonymous_8)
FNDA:0,(anonymous_9)
FNDA:0,(anonymous_10)
FNDA:0,(anonymous_11)
FNDA:0,(anonymous_12)
FNDA:0,(anonymous_13)
FNDA:0,(anonymous_14)
FNDA:1,(anonymous_15)
FNDA:1,(anonymous_16)
FNDA:5,(anonymous_17)
FNDA:1,(anonymous_18)
FNDA:1,(anonymous_19)
FNDA:0,(anonymous_20)
FNDA:0,(anonymous_21)
FNDA:4,(anonymous_22)
FNDA:0,(anonymous_23)
FNDA:1,(anonymous_24)
FNDA:1,(anonymous_25)
FNDA:1,(anonymous_26)
FNDA:0,(anonymous_27)
FNDA:0,(anonymous_28)
FNDA:0,(anonymous_29)
DA:4,10
DA:5,10
DA:6,10
DA:7,10
DA:8,10
DA:9,10
DA:10,10
DA:11,10
DA:12,10
DA:13,10
DA:14,10
DA:15,10
DA:16,10
DA:17,10
DA:18,10
DA:19,10
DA:36,3
DA:37,0
DA:38,0
DA:40,3
DA:42,3
DA:43,0
DA:47,3
DA:48,0
DA:52,3
DA:53,0
DA:57,3
DA:58,3
DA:59,0
DA:60,0
DA:61,0
DA:66,3
DA:69,3
DA:70,0
DA:74,3
DA:75,0
DA:79,3
DA:80,3
DA:81,3
DA:84,3
DA:85,0
DA:86,0
DA:92,1
DA:101,1
DA:106,5
DA:108,5
DA:109,4
DA:110,4
DA:111,4
DA:114,1
DA:117,1
DA:118,1
DA:119,1
DA:120,1
DA:122,1
DA:128,1
DA:129,1
DA:130,1
DA:133,1
DA:141,1
DA:144,1
DA:145,1
DA:147,1
DA:148,1
DA:149,1
DA:151,1
DA:168,1
DA:169,0
DA:170,0
DA:171,0
DA:176,1
DA:177,0
DA:178,0
DA:182,1
DA:187,4
DA:189,0
DA:190,0
DA:194,1
DA:195,1
DA:196,1
DA:199,1
DA:207,1
DA:210,1
DA:212,1
DA:213,1
DA:229,1
DA:230,1
DA:234,1
DA:235,1
DA:239,1
DA:240,1
DA:241,1
DA:242,1
DA:246,0
DA:250,0
DA:254,0
DA:255,0
DA:256,0
DA:257,0
DA:258,0
DA:259,0
DA:260,0
DA:261,0
DA:262,0
LF:104
LH:74
BRDA:85,0,0,0
BRDA:85,0,1,0
BRDA:96,1,0,1
BRDA:96,1,1,0
BRDA:108,2,0,4
BRDA:108,2,1,1
BRDA:119,3,0,1
BRDA:119,3,1,0
BRDA:141,4,0,1
BRDA:141,4,1,0
BRDA:170,5,0,0
BRDA:170,5,1,0
BRDA:177,6,0,0
BRDA:177,6,1,0
BRDA:187,7,0,4
BRDA:187,7,1,0
BRDA:187,8,0,4
BRDA:187,8,1,0
BRDA:207,9,0,1
BRDA:207,9,1,0
BRDA:216,10,0,0
BRDA:216,10,1,1
BRDA:217,11,0,0
BRDA:217,11,1,1
BRDA:218,12,0,0
BRDA:218,12,1,1
BRDA:219,13,0,1
BRDA:219,13,1,0
BRF:28
BRH:12
end_of_record
TN:
SF:src\main.js
FN:6,(anonymous_0)
FN:18,(anonymous_1)
FN:20,(anonymous_2)
FN:21,(anonymous_3)
FN:22,(anonymous_4)
FN:23,(anonymous_5)
FN:24,(anonymous_6)
FN:25,(anonymous_7)
FN:26,(anonymous_8)
FN:27,(anonymous_9)
FN:28,(anonymous_10)
FN:29,(anonymous_11)
FN:30,(anonymous_12)
FN:36,(anonymous_13)
FN:56,(anonymous_14)
FN:65,(anonymous_15)
FN:77,(anonymous_16)
FN:82,(anonymous_17)
FN:87,(anonymous_18)
FN:94,(anonymous_19)
FN:98,(anonymous_20)
FN:107,(anonymous_21)
FN:112,(anonymous_22)
FN:117,(anonymous_23)
FN:125,(anonymous_24)
FN:130,(anonymous_25)
FN:140,(anonymous_26)
FN:153,(anonymous_27)
FN:159,(anonymous_28)
FN:169,updateThemeButton
FN:182,(anonymous_30)
FNF:31
FNH:7
FNDA:3,(anonymous_0)
FNDA:3,(anonymous_1)
FNDA:0,(anonymous_2)
FNDA:0,(anonymous_3)
FNDA:0,(anonymous_4)
FNDA:0,(anonymous_5)
FNDA:0,(anonymous_6)
FNDA:0,(anonymous_7)
FNDA:0,(anonymous_8)
FNDA:0,(anonymous_9)
FNDA:0,(anonymous_10)
FNDA:0,(anonymous_11)
FNDA:0,(anonymous_12)
FNDA:0,(anonymous_13)
FNDA:3,(anonymous_14)
FNDA:3,(anonymous_15)
FNDA:0,(anonymous_16)
FNDA:0,(anonymous_17)
FNDA:0,(anonymous_18)
FNDA:0,(anonymous_19)
FNDA:0,(anonymous_20)
FNDA:0,(anonymous_21)
FNDA:0,(anonymous_22)
FNDA:0,(anonymous_23)
FNDA:0,(anonymous_24)
FNDA:0,(anonymous_25)
FNDA:0,(anonymous_26)
FNDA:0,(anonymous_27)
FNDA:3,(anonymous_28)
FNDA:9,updateThemeButton
FNDA:6,(anonymous_30)
DA:7,3
DA:8,3
DA:10,3
DA:11,3
DA:12,3
DA:13,3
DA:15,3
DA:19,3
DA:20,0
DA:21,0
DA:22,0
DA:23,0
DA:24,0
DA:25,0
DA:26,0
DA:27,0
DA:28,0
DA:29,0
DA:30,0
DA:33,3
DA:37,0
DA:39,0
DA:41,0
DA:50,0
DA:51,0
DA:52,0
DA:53,0
DA:57,3
DA:58,3
DA:66,3
DA:67,3
DA:69,3
DA:70,3
DA:71,3
DA:72,3
DA:73,3
DA:74,3
DA:76,3
DA:77,0
DA:78,0
DA:79,0
DA:81,3
DA:82,0
DA:83,0
DA:84,0
DA:86,3
DA:87,0
DA:88,0
DA:89,0
DA:93,3
DA:94,0
DA:97,3
DA:98,0
DA:99,0
DA:104,3
DA:108,0
DA:109,0
DA:113,0
DA:114,0
DA:118,0
DA:119,0
DA:121,0
DA:122,0
DA:126,0
DA:127,0
DA:131,0
DA:133,0
DA:134,0
DA:135,0
DA:136,0
DA:141,0
DA:143,0
DA:144,0
DA:146,0
DA:147,0
DA:149,0
DA:150,0
DA:154,0
DA:155,0
DA:159,1
DA:161,3
DA:162,3
DA:163,3
DA:164,3
DA:165,3
DA:167,3
DA:170,9
DA:171,4
DA:172,4
DA:174,5
DA:175,5
DA:177,9
DA:180,3
DA:182,3
DA:183,6
DA:184,6
DA:185,6
DA:186,6
DA:187,6
DA:193,3
LF:100
LH:46
BRDA:39,0,0,0
BRDA:39,0,1,0
BRDA:39,1,0,0
BRDA:39,1,1,0
BRDA:39,1,2,0
BRDA:76,2,0,0
BRDA:76,2,1,3
BRDA:81,3,0,0
BRDA:81,3,1,3
BRDA:86,4,0,0
BRDA:86,4,1,3
BRDA:93,5,0,0
BRDA:93,5,1,3
BRDA:97,6,0,0
BRDA:97,6,1,3
BRDA:99,7,0,0
BRDA:99,7,1,0
BRDA:119,8,0,0
BRDA:119,8,1,0
BRDA:131,9,0,0
BRDA:131,9,1,0
BRDA:133,10,0,0
BRDA:133,10,1,0
BRDA:141,11,0,0
BRDA:141,11,1,0
BRDA:144,12,0,0
BRDA:144,12,1,0
BRDA:162,13,0,3
BRDA:162,13,1,0
BRDA:164,14,0,3
BRDA:164,14,1,0
BRDA:165,15,0,3
BRDA:165,15,1,2
BRDA:166,16,0,0
BRDA:166,16,1,2
BRDA:170,17,0,4
BRDA:170,17,1,5
BRDA:184,18,0,3
BRDA:184,18,1,3
BRF:39
BRH:14
end_of_record
TN:
SF:src\storage.js
FN:2,(anonymous_0)
FN:6,(anonymous_1)
FN:10,(anonymous_2)
FN:11,(anonymous_3)
FN:14,(anonymous_4)
FN:19,(anonymous_5)
FN:20,(anonymous_6)
FN:27,(anonymous_7)
FN:28,(anonymous_8)
FN:32,(anonymous_9)
FN:36,(anonymous_10)
FNF:11
FNH:11
FNDA:11,(anonymous_0)
FNDA:8,(anonymous_1)
FNDA:2,(anonymous_2)
FNDA:2,(anonymous_3)
FNDA:5,(anonymous_4)
FNDA:1,(anonymous_5)
FNDA:1,(anonymous_6)
FNDA:1,(anonymous_7)
FNDA:1,(anonymous_8)
FNDA:7,(anonymous_9)
FNDA:1,(anonymous_10)
DA:3,11
DA:7,8
DA:11,2
DA:15,5
DA:16,5
DA:20,1
DA:21,1
DA:22,1
DA:23,1
DA:28,1
DA:29,1
DA:33,7
DA:37,1
LF:13
LH:13
BRDA:3,0,0,11
BRDA:3,0,1,10
BRDA:21,1,0,1
BRDA:21,1,1,0
BRF:4
BRH:3
end_of_record
